Three Dimensional Coordinate Transformation
-----------------------------------------------------------------
MEASURED POINTS
--------------------------------------------------------------------------------
      NAME              X              Y              Z      Sx      Sy      Sz
--------------------------------------------------------------------------------
         1       1094.961        810.073        804.720   0.030   0.031   0.033
         2        508.350       1595.668        901.727   0.033   0.032   0.029
         3       2356.262        197.087        834.482   0.033   0.032   0.035
         4       1395.162       1397.651        925.925   0.029   0.034   0.037
         5        608.992       1865.577        865.380   0.034   0.031   0.033


CONTROL POINTS
--------------------------------------------------------
      NAME              X              Y              Z
-------------------------------------------------------
         1     205164.469     304594.279        704.854
         2     206136.407     304465.336        801.905
         3     203844.790     304119.963        734.595
         4     205375.205     303969.042        826.081
         5     206259.276     304204.779        765.483


Transformation Coefficients
----------------------------
Scale =    1.0000038631 +/- 0.0000167054
x-rot = 0°00'04.4" +/- 0°00'14.2"
y-rot = -0°00'02.2" +/- 0°00'03.7"
z-rot = 225°41'26.7" +/- 0°00'03.3"
   Tx =      205349.679 +/-    0.0345
   Ty =      305943.734 +/-    0.0669
   Tz =         -99.830 +/-    0.1154


Standard Deviation of Unit Weight >> 1.011
Degrees of Freedom: 8
Iterations: 3


CONTROL COORDINATES
----------------------------------------------------------------------------
   NAME              X      Vx              Y      Vy              Z      Vz
----------------------------------------------------------------------------
      1     205164.469   0.009     304594.279   0.039        704.854   0.008
      2     206136.407  -0.005     304465.336  -0.016        801.905  -0.028
      3     203844.790  -0.016     304119.963  -0.020        734.595   0.005
      4     205375.205   0.032     303969.042   0.012        826.081  -0.024
      5     206259.276  -0.033     304204.779  -0.016        765.483   0.043

TRANSFORM COORDINATES
-----------------------------------------------------------------------------
    NAME              X              Y              Z      Sx      Sy      Sz
-----------------------------------------------------------------------------
       1     205164.478     304594.318        704.862   0.016   0.016   0.027
       2     206136.402     304465.320        801.877   0.020   0.019   0.021
       3     203844.774     304119.943        734.600   0.029   0.028   0.032
       4     205375.237     303969.054        826.057   0.015   0.016   0.027
       5     206259.243     304204.763        765.526   0.021   0.020   0.023

Matrices are written to file D:\onedrive\¾Ç®Õ½Ò¥ó\110¤W\¥­®t¤G\§@·~µ{¦¡\ch18\18_16.MAT.
